[debug] [2022-03-12T07:17:16.202Z] ----------------------------------------------------------------------
[debug] [2022-03-12T07:17:16.205Z] Command:       C:\Program Files\nodejs\node.exe C:\Users\sinsa\AppData\Roaming\npm\node_modules\firebase-tools\lib\bin\firebase.js init
[debug] [2022-03-12T07:17:16.205Z] CLI Version:   10.2.0
[debug] [2022-03-12T07:17:16.205Z] Platform:      win32
[debug] [2022-03-12T07:17:16.206Z] Node Version:  v14.17.6
[debug] [2022-03-12T07:17:16.213Z] Time:          Sat Mar 12 2022 12:47:16 GMT+0530 (India Standard Time)
[debug] [2022-03-12T07:17:16.213Z] ----------------------------------------------------------------------
[debug] 
[debug] [2022-03-12T07:17:16.327Z] > command requires scopes: ["email","openid","https://www.googleapis.com/auth/cloudplatformprojects.readonly","https://www.googleapis.com/auth/firebase","https://www.googleapis.com/auth/cloud-platform"]
[debug] [2022-03-12T07:17:16.327Z] > authorizing via signed-in user (sinsarulhaq.pro@gmail.com)
[info] 
     ######## #### ########  ######## ########     ###     ######  ########
     ##        ##  ##     ## ##       ##     ##  ##   ##  ##       ##
     ######    ##  ########  ######   ########  #########  ######  ######
     ##        ##  ##    ##  ##       ##     ## ##     ##       ## ##
     ##       #### ##     ## ######## ########  ##     ##  ######  ########

You're about to initialize a Firebase project in this directory:

  C:\Users\sinsa\Desktop\blogging

Before we get started, keep in mind:

  * You are initializing within an existing Firebase project directory

